Using pre-set license
Built from '6000.0/staging' branch; Version is '6000.0.36f1 (9fe3b5f71dbb) revision 10478517'; Using compiler version '193933523'; Build Type 'Release'
OS: 'Windows 11  (10.0.22635) 64bit Core' Language: 'fr' Physical Memory: 16075 MB
BatchMode: 1, IsHumanControllingUs: 0, StartBugReporterOnCrash: 0, Is64bit: 1, IsPro: 1

COMMAND LINE ARGUMENTS:
C:\Program Files\Unity\Hub\Editor\6000.0.36f1\Editor\Unity.exe
-adb2
-batchMode
-noUpm
-name
AssetImportWorker0
-projectPath
C:/Users/cheva/OneDrive/Bureau/unity/Golf
-logFile
Logs/AssetImportWorker0.log
-srvPort
53796
-job-worker-count
3
-background-job-worker-count
8
-gc-helper-count
1
Successfully changed project path to: C:/Users/cheva/OneDrive/Bureau/unity/Golf
C:/Users/cheva/OneDrive/Bureau/unity/Golf
[UnityMemory] Configuration Parameters - Can be set up in boot.config
    "memorysetup-bucket-allocator-granularity=16"
    "memorysetup-bucket-allocator-bucket-count=8"
    "memorysetup-bucket-allocator-block-size=33554432"
    "memorysetup-bucket-allocator-block-count=8"
    "memorysetup-main-allocator-block-size=16777216"
    "memorysetup-thread-allocator-block-size=16777216"
    "memorysetup-gfx-main-allocator-block-size=16777216"
    "memorysetup-gfx-thread-allocator-block-size=16777216"
    "memorysetup-cache-allocator-block-size=4194304"
    "memorysetup-typetree-allocator-block-size=2097152"
    "memorysetup-profiler-bucket-allocator-granularity=16"
    "memorysetup-profiler-bucket-allocator-bucket-count=8"
    "memorysetup-profiler-bucket-allocator-block-size=33554432"
    "memorysetup-profiler-bucket-allocator-block-count=8"
    "memorysetup-profiler-allocator-block-size=16777216"
    "memorysetup-profiler-editor-allocator-block-size=1048576"
    "memorysetup-temp-allocator-size-main=16777216"
    "memorysetup-job-temp-allocator-block-size=2097152"
    "memorysetup-job-temp-allocator-block-size-background=1048576"
    "memorysetup-job-temp-allocator-reduction-small-platforms=262144"
    "memorysetup-allocator-temp-initial-block-size-main=262144"
    "memorysetup-allocator-temp-initial-block-size-worker=262144"
    "memorysetup-temp-allocator-size-background-worker=32768"
    "memorysetup-temp-allocator-size-job-worker=262144"
    "memorysetup-temp-allocator-size-preload-manager=33554432"
    "memorysetup-temp-allocator-size-nav-mesh-worker=65536"
    "memorysetup-temp-allocator-size-audio-worker=65536"
    "memorysetup-temp-allocator-size-cloud-worker=32768"
    "memorysetup-temp-allocator-size-gi-baking-worker=262144"
    "memorysetup-temp-allocator-size-gi-baking-worker=262144"
    "memorysetup-temp-allocator-size-gi-baking-worker=262144"
    "memorysetup-temp-allocator-size-gi-baking-worker=262144"
    "memorysetup-temp-allocator-size-gi-baking-worker=262144"
    "memorysetup-temp-allocator-size-gfx=262144"
Player connection [27080]  Target information:

Player connection [27080]  * "[IP] 10.10.41.227 [Port] 0 [Flags] 2 [Guid] 3553619445 [EditorId] 3553619445 [Version] 1048832 [Id] WindowsEditor(7,kaeloo8) [Debug] 1 [PackageName] WindowsEditor [ProjectName] Editor" 

Player connection [27080] Host joined multi-casting on [225.0.0.222:54997]...
Player connection [27080] Host joined alternative multi-casting on [225.0.0.222:34997]...
JobSystem: Creating JobQueue using job-worker-count value 3
Input System module state changed to: Initialized.
[Physics::Module] Initialized fallback backend.
[Physics::Module] Id: 0xdecafbad
Library Redirect Path: Library/
[Physics::Module] Selected backend.
[Physics::Module] Name: PhysX
[Physics::Module] Id: 0xf2b8ea05
[Physics::Module] SDK Version: 4.1.2
[Physics::Module] Integration Version: 1.0.0
[Physics::Module] Threading Mode: Multi-Threaded
Refreshing native plugins compatible for Editor in 1.28 ms, found 3 plugins.
Preloading 0 native plugins for Editor in 0.00 ms.
Initialize engine version: 6000.0.36f1 (9fe3b5f71dbb)
[Subsystems] Discovering subsystems at path C:/Program Files/Unity/Hub/Editor/6000.0.36f1/Editor/Data/Resources/UnitySubsystems
[Subsystems] Discovering subsystems at path C:/Users/cheva/OneDrive/Bureau/unity/Golf/Assets
GfxDevice: creating device client; kGfxThreadingModeNonThreaded
Direct3D:
    Version:  Direct3D 11.0 [level 11.1]
    Renderer: NVIDIA GeForce RTX 3050 Ti Laptop GPU (ID=0x25a0)
    Vendor:   NVIDIA
    VRAM:     3962 MB
    Driver:   32.0.15.6094
Initialize mono
Mono path[0] = 'C:/Program Files/Unity/Hub/Editor/6000.0.36f1/Editor/Data/Managed'
Mono path[1] = 'C:/Program Files/Unity/Hub/Editor/6000.0.36f1/Editor/Data/MonoBleedingEdge/lib/mono/unityjit-win32'
Mono config path = 'C:/Program Files/Unity/Hub/Editor/6000.0.36f1/Editor/Data/MonoBleedingEdge/etc'
Using monoOptions --debugger-agent=transport=dt_socket,embedding=1,server=y,suspend=n,address=127.0.0.1:56580
Begin MonoManager ReloadAssembly
Registering precompiled unity dll's ...
Register platform support module: C:/Program Files/Unity/Hub/Editor/6000.0.36f1/Editor/Data/PlaybackEngines/WindowsStandaloneSupport/UnityEditor.WindowsStandalone.Extensions.dll
Registered in 0.002413 seconds.
- Loaded All Assemblies, in  0.414 seconds
Native extension for WindowsStandalone target not found
Mono: successfully reloaded assembly
- Finished resetting the current domain, in  0.359 seconds
Domain Reload Profiling: 771ms
	BeginReloadAssembly (139ms)
		ExecutionOrderSort (0ms)
		DisableScriptedObjects (0ms)
		BackupInstance (0ms)
		ReleaseScriptingObjects (0ms)
		CreateAndSetChildDomain (1ms)
	RebuildCommonClasses (40ms)
	RebuildNativeTypeToScriptingClass (13ms)
	initialDomainReloadingComplete (56ms)
	LoadAllAssembliesAndSetupDomain (163ms)
		LoadAssemblies (137ms)
		RebuildTransferFunctionScriptingTraits (0ms)
		AnalyzeDomain (160ms)
			TypeCache.Refresh (158ms)
				TypeCache.ScanAssembly (141ms)
			BuildScriptInfoCaches (0ms)
			ResolveRequiredComponents (1ms)
	FinalizeReload (360ms)
		ReleaseScriptCaches (0ms)
		RebuildScriptCaches (0ms)
		SetupLoadedEditorAssemblies (315ms)
			LogAssemblyErrors (0ms)
			InitializePlatformSupportModulesInManaged (26ms)
			SetLoadedEditorAssemblies (5ms)
			BeforeProcessingInitializeOnLoad (63ms)
			ProcessInitializeOnLoadAttributes (166ms)
			ProcessInitializeOnLoadMethodAttributes (56ms)
			AfterProcessingInitializeOnLoad (0ms)
			EditorAssembliesLoaded (0ms)
		ExecutionOrderSort2 (0ms)
		AwakeInstancesAfterBackupRestoration (0ms)
========================================================================
Worker process is ready to serve import requests
Import Worker Mode flag is 0x00
Begin MonoManager ReloadAssembly
- Loaded All Assemblies, in  0.684 seconds
Refreshing native plugins compatible for Editor in 0.86 ms, found 3 plugins.
Native extension for WindowsStandalone target not found
Mono: successfully reloaded assembly
- Finished resetting the current domain, in  0.567 seconds
Domain Reload Profiling: 1248ms
	BeginReloadAssembly (183ms)
		ExecutionOrderSort (0ms)
		DisableScriptedObjects (6ms)
		BackupInstance (0ms)
		ReleaseScriptingObjects (0ms)
		CreateAndSetChildDomain (33ms)
	RebuildCommonClasses (34ms)
	RebuildNativeTypeToScriptingClass (12ms)
	initialDomainReloadingComplete (38ms)
	LoadAllAssembliesAndSetupDomain (413ms)
		LoadAssemblies (328ms)
		RebuildTransferFunctionScriptingTraits (0ms)
		AnalyzeDomain (194ms)
			TypeCache.Refresh (159ms)
				TypeCache.ScanAssembly (145ms)
			BuildScriptInfoCaches (27ms)
			ResolveRequiredComponents (5ms)
	FinalizeReload (568ms)
		ReleaseScriptCaches (0ms)
		RebuildScriptCaches (0ms)
		SetupLoadedEditorAssemblies (451ms)
			LogAssemblyErrors (0ms)
			InitializePlatformSupportModulesInManaged (3ms)
			SetLoadedEditorAssemblies (6ms)
			BeforeProcessingInitializeOnLoad (87ms)
			ProcessInitializeOnLoadAttributes (324ms)
			ProcessInitializeOnLoadMethodAttributes (27ms)
			AfterProcessingInitializeOnLoad (4ms)
			EditorAssembliesLoaded (0ms)
		ExecutionOrderSort2 (0ms)
		AwakeInstancesAfterBackupRestoration (5ms)
Launched and connected shader compiler UnityShaderCompiler.exe after 0.01 seconds
Refreshing native plugins compatible for Editor in 0.72 ms, found 3 plugins.
Preloading 0 native plugins for Editor in 0.00 ms.
Unloading 9 Unused Serialized files (Serialized files now loaded: 0)
Unloading 3344 unused Assets / (1.0 MB). Loaded Objects now: 3833.
Memory consumption went from 80.7 MB to 79.7 MB.
Total: 5.398500 ms (FindLiveObjects: 0.358500 ms CreateObjectMapping: 0.246900 ms MarkObjects: 3.862300 ms  DeleteObjects: 0.929600 ms)

========================================================================
Received Import Request.
  Time since last request: 177454.430846 seconds.
  path: Assets/Terrain1PafLand.blend
  artifactKey: Guid(13cd7530729ef65409c51800bab63020) Importer(815301076,1909f56bfc062723c751e8b465ee728b)
Start importing Assets/Terrain1PafLand.blend using Guid(13cd7530729ef65409c51800bab63020) Importer(815301076,1909f56bfc062723c751e8b465ee728b) (PreviewImporter) -> (artifact id: 'ba2ac0d3d0782081bb1cdf9565fc70cb') in 0.1962513 seconds
Number of updated asset objects reloaded before import = 0Number of asset objects unloaded after import = 34

========================================================================
Received Import Request.
  Time since last request: 25.928033 seconds.
  path: Assets/Terrain1PafLand.fbx
  artifactKey: Guid(4471fd8ceda4bd94582006f39a4f79c0) Importer(815301076,1909f56bfc062723c751e8b465ee728b)
Start importing Assets/Terrain1PafLand.fbx using Guid(4471fd8ceda4bd94582006f39a4f79c0) Importer(815301076,1909f56bfc062723c751e8b465ee728b) (PreviewImporter) -> (artifact id: '01a0c5c8a20583edd8cb8a9a06373f01') in 0.0719932 seconds
Number of updated asset objects reloaded before import = 0Number of asset objects unloaded after import = 34

========================================================================
Received Import Request.
  Time since last request: 345.747969 seconds.
  path: Assets/Cube.prefab
  artifactKey: Guid(1179b61529e5e484d8f1186983b38fa0) Importer(815301076,1909f56bfc062723c751e8b465ee728b)
Start importing Assets/Cube.prefab using Guid(1179b61529e5e484d8f1186983b38fa0) Importer(815301076,1909f56bfc062723c751e8b465ee728b) (PreviewImporter) -> (artifact id: '1a3a5d06be7e1cf644ccce81c4a6e7d7') in 0.0097683 seconds
Number of updated asset objects reloaded before import = 0Number of asset objects unloaded after import = 9

========================================================================
Received Prepare
Begin MonoManager ReloadAssembly
- Loaded All Assemblies, in  0.675 seconds
Refreshing native plugins compatible for Editor in 0.67 ms, found 3 plugins.
Native extension for WindowsStandalone target not found
Mono: successfully reloaded assembly
- Finished resetting the current domain, in  0.768 seconds
Domain Reload Profiling: 1441ms
	BeginReloadAssembly (229ms)
		ExecutionOrderSort (0ms)
		DisableScriptedObjects (8ms)
		BackupInstance (0ms)
		ReleaseScriptingObjects (0ms)
		CreateAndSetChildDomain (48ms)
	RebuildCommonClasses (45ms)
	RebuildNativeTypeToScriptingClass (17ms)
	initialDomainReloadingComplete (24ms)
	LoadAllAssembliesAndSetupDomain (357ms)
		LoadAssemblies (329ms)
		RebuildTransferFunctionScriptingTraits (0ms)
		AnalyzeDomain (157ms)
			TypeCache.Refresh (6ms)
				TypeCache.ScanAssembly (0ms)
			BuildScriptInfoCaches (143ms)
			ResolveRequiredComponents (4ms)
	FinalizeReload (769ms)
		ReleaseScriptCaches (0ms)
		RebuildScriptCaches (0ms)
		SetupLoadedEditorAssemblies (638ms)
			LogAssemblyErrors (0ms)
			InitializePlatformSupportModulesInManaged (2ms)
			SetLoadedEditorAssemblies (5ms)
			BeforeProcessingInitializeOnLoad (100ms)
			ProcessInitializeOnLoadAttributes (486ms)
			ProcessInitializeOnLoadMethodAttributes (38ms)
			AfterProcessingInitializeOnLoad (6ms)
			EditorAssembliesLoaded (0ms)
		ExecutionOrderSort2 (0ms)
		AwakeInstancesAfterBackupRestoration (8ms)
Refreshing native plugins compatible for Editor in 1.31 ms, found 3 plugins.
Preloading 0 native plugins for Editor in 0.00 ms.
Unloading 0 Unused Serialized files (Serialized files now loaded: 0)
Unloading 3342 unused Assets / (1.2 MB). Loaded Objects now: 3880.
Memory consumption went from 84.7 MB to 83.5 MB.
Total: 9.278200 ms (FindLiveObjects: 0.448800 ms CreateObjectMapping: 0.779000 ms MarkObjects: 6.440600 ms  DeleteObjects: 1.608100 ms)

Prepare: number of updated asset objects reloaded= 0
========================================================================
Received Prepare
Begin MonoManager ReloadAssembly
- Loaded All Assemblies, in  0.660 seconds
Refreshing native plugins compatible for Editor in 0.76 ms, found 3 plugins.
Native extension for WindowsStandalone target not found
Mono: successfully reloaded assembly
- Finished resetting the current domain, in  0.792 seconds
Domain Reload Profiling: 1452ms
	BeginReloadAssembly (217ms)
		ExecutionOrderSort (0ms)
		DisableScriptedObjects (5ms)
		BackupInstance (0ms)
		ReleaseScriptingObjects (0ms)
		CreateAndSetChildDomain (47ms)
	RebuildCommonClasses (45ms)
	RebuildNativeTypeToScriptingClass (12ms)
	initialDomainReloadingComplete (25ms)
	LoadAllAssembliesAndSetupDomain (359ms)
		LoadAssemblies (335ms)
		RebuildTransferFunctionScriptingTraits (0ms)
		AnalyzeDomain (149ms)
			TypeCache.Refresh (7ms)
				TypeCache.ScanAssembly (0ms)
			BuildScriptInfoCaches (135ms)
			ResolveRequiredComponents (5ms)
	FinalizeReload (793ms)
		ReleaseScriptCaches (0ms)
		RebuildScriptCaches (0ms)
		SetupLoadedEditorAssemblies (632ms)
			LogAssemblyErrors (0ms)
			InitializePlatformSupportModulesInManaged (4ms)
			SetLoadedEditorAssemblies (7ms)
			BeforeProcessingInitializeOnLoad (128ms)
			ProcessInitializeOnLoadAttributes (450ms)
			ProcessInitializeOnLoadMethodAttributes (37ms)
			AfterProcessingInitializeOnLoad (6ms)
			EditorAssembliesLoaded (0ms)
		ExecutionOrderSort2 (0ms)
		AwakeInstancesAfterBackupRestoration (9ms)
Refreshing native plugins compatible for Editor in 1.11 ms, found 3 plugins.
Preloading 0 native plugins for Editor in 0.00 ms.
Unloading 0 Unused Serialized files (Serialized files now loaded: 0)
Unloading 3342 unused Assets / (0.9 MB). Loaded Objects now: 3880.
Memory consumption went from 84.7 MB to 83.8 MB.
Total: 8.754100 ms (FindLiveObjects: 0.542800 ms CreateObjectMapping: 0.941400 ms MarkObjects: 6.059600 ms  DeleteObjects: 1.208800 ms)

Prepare: number of updated asset objects reloaded= 0
========================================================================
Received Import Request.
  Time since last request: 265.435395 seconds.
  path: Assets/posLv0B.prefab
  artifactKey: Guid(2975df2eeeb388a478ba3ea0cd558944) Importer(815301076,1909f56bfc062723c751e8b465ee728b)
Start importing Assets/posLv0B.prefab using Guid(2975df2eeeb388a478ba3ea0cd558944) Importer(815301076,1909f56bfc062723c751e8b465ee728b) (PreviewImporter) -> (artifact id: '475c0d9e71a31c1f4c68853f0d4a7c36') in 0.0417412 seconds
Number of updated asset objects reloaded before import = 0Number of asset objects unloaded after import = 4

========================================================================
Received Prepare
Begin MonoManager ReloadAssembly
- Loaded All Assemblies, in  0.650 seconds
Refreshing native plugins compatible for Editor in 1.08 ms, found 3 plugins.
Native extension for WindowsStandalone target not found
Mono: successfully reloaded assembly
- Finished resetting the current domain, in  0.770 seconds
Domain Reload Profiling: 1418ms
	BeginReloadAssembly (222ms)
		ExecutionOrderSort (0ms)
		DisableScriptedObjects (7ms)
		BackupInstance (0ms)
		ReleaseScriptingObjects (0ms)
		CreateAndSetChildDomain (54ms)
	RebuildCommonClasses (36ms)
	RebuildNativeTypeToScriptingClass (12ms)
	initialDomainReloadingComplete (25ms)
	LoadAllAssembliesAndSetupDomain (353ms)
		LoadAssemblies (335ms)
		RebuildTransferFunctionScriptingTraits (0ms)
		AnalyzeDomain (141ms)
			TypeCache.Refresh (6ms)
				TypeCache.ScanAssembly (0ms)
			BuildScriptInfoCaches (127ms)
			ResolveRequiredComponents (4ms)
	FinalizeReload (770ms)
		ReleaseScriptCaches (0ms)
		RebuildScriptCaches (0ms)
		SetupLoadedEditorAssemblies (608ms)
			LogAssemblyErrors (0ms)
			InitializePlatformSupportModulesInManaged (4ms)
			SetLoadedEditorAssemblies (7ms)
			BeforeProcessingInitializeOnLoad (122ms)
			ProcessInitializeOnLoadAttributes (434ms)
			ProcessInitializeOnLoadMethodAttributes (35ms)
			AfterProcessingInitializeOnLoad (6ms)
			EditorAssembliesLoaded (1ms)
		ExecutionOrderSort2 (0ms)
		AwakeInstancesAfterBackupRestoration (9ms)
Refreshing native plugins compatible for Editor in 1.29 ms, found 3 plugins.
Preloading 0 native plugins for Editor in 0.00 ms.
Unloading 0 Unused Serialized files (Serialized files now loaded: 0)
Unloading 3342 unused Assets / (0.7 MB). Loaded Objects now: 3880.
Memory consumption went from 84.7 MB to 83.9 MB.
Total: 8.744400 ms (FindLiveObjects: 0.478800 ms CreateObjectMapping: 0.701900 ms MarkObjects: 6.244000 ms  DeleteObjects: 1.318200 ms)

Prepare: number of updated asset objects reloaded= 0
========================================================================
Received Import Request.
  Time since last request: 311.732700 seconds.
  path: Assets/Cylinder (1).prefab
  artifactKey: Guid(999813b13c28de54384ee950efdbedb9) Importer(815301076,1909f56bfc062723c751e8b465ee728b)
Start importing Assets/Cylinder (1).prefab using Guid(999813b13c28de54384ee950efdbedb9) Importer(815301076,1909f56bfc062723c751e8b465ee728b) (PreviewImporter) -> (artifact id: 'de87ae19647d0f31f729c984d91a1d67') in 0.0919478 seconds
Number of updated asset objects reloaded before import = 0Number of asset objects unloaded after import = 40

========================================================================
Received Import Request.
  Time since last request: 4.445635 seconds.
  path: Assets/Cylinder (2).prefab
  artifactKey: Guid(b0136f2929e9cf342be65b57500c3ff4) Importer(815301076,1909f56bfc062723c751e8b465ee728b)
Start importing Assets/Cylinder (2).prefab using Guid(b0136f2929e9cf342be65b57500c3ff4) Importer(815301076,1909f56bfc062723c751e8b465ee728b) (PreviewImporter) -> (artifact id: 'e1085f01a3bc7bcc9f8be460413476ea') in 0.0074882 seconds
Number of updated asset objects reloaded before import = 0Number of asset objects unloaded after import = 40

========================================================================
Received Import Request.
  Time since last request: 5.753918 seconds.
  path: Assets/Cylinder (3).prefab
  artifactKey: Guid(200e1a874ce701b45b4f9c8832837981) Importer(815301076,1909f56bfc062723c751e8b465ee728b)
Start importing Assets/Cylinder (3).prefab using Guid(200e1a874ce701b45b4f9c8832837981) Importer(815301076,1909f56bfc062723c751e8b465ee728b) (PreviewImporter) -> (artifact id: 'f4ad72c4e5872d83a4edc851acc18a5b') in 0.0068883 seconds
Number of updated asset objects reloaded before import = 0Number of asset objects unloaded after import = 40

========================================================================
Received Import Request.
  Time since last request: 5.865962 seconds.
  path: Assets/Cylinder (9).prefab
  artifactKey: Guid(56a2274d10589eb478326f3e68331443) Importer(815301076,1909f56bfc062723c751e8b465ee728b)
Start importing Assets/Cylinder (9).prefab using Guid(56a2274d10589eb478326f3e68331443) Importer(815301076,1909f56bfc062723c751e8b465ee728b) (PreviewImporter) -> (artifact id: '08e2afd41c64f54223f73a55d59b123c') in 0.0069157 seconds
Number of updated asset objects reloaded before import = 0Number of asset objects unloaded after import = 40

========================================================================
Received Import Request.
  Time since last request: 9.901991 seconds.
  path: Assets/Cylinder (6).prefab
  artifactKey: Guid(60b4699a64046cd49a1e6a7a7711e8f4) Importer(815301076,1909f56bfc062723c751e8b465ee728b)
Start importing Assets/Cylinder (6).prefab using Guid(60b4699a64046cd49a1e6a7a7711e8f4) Importer(815301076,1909f56bfc062723c751e8b465ee728b) (PreviewImporter) -> (artifact id: '4c97145aa1d422bd89bb2b9cd4749648') in 0.0072154 seconds
Number of updated asset objects reloaded before import = 0Number of asset objects unloaded after import = 40

========================================================================
Received Import Request.
  Time since last request: 0.023213 seconds.
  path: Assets/Cylinder (4).prefab
  artifactKey: Guid(ac62ee7bbab9e54488a248895454eecb) Importer(815301076,1909f56bfc062723c751e8b465ee728b)
Start importing Assets/Cylinder (4).prefab using Guid(ac62ee7bbab9e54488a248895454eecb) Importer(815301076,1909f56bfc062723c751e8b465ee728b) (PreviewImporter) -> (artifact id: 'e4eb227b57e19470e2754ee431152cdd') in 0.0095219 seconds
Number of updated asset objects reloaded before import = 0Number of asset objects unloaded after import = 40

========================================================================
Received Import Request.
  Time since last request: 0.000023 seconds.
  path: Assets/Cylinder (18).prefab
  artifactKey: Guid(f532e53d26d59944495fb175b71a8292) Importer(815301076,1909f56bfc062723c751e8b465ee728b)
Start importing Assets/Cylinder (18).prefab using Guid(f532e53d26d59944495fb175b71a8292) Importer(815301076,1909f56bfc062723c751e8b465ee728b) (PreviewImporter) -> (artifact id: '3c87ca50d9ee7c7729169d8dca5aa22a') in 0.0085051 seconds
Number of updated asset objects reloaded before import = 0Number of asset objects unloaded after import = 40

========================================================================
Received Import Request.
  Time since last request: 0.000018 seconds.
  path: Assets/Cylinder (13).prefab
  artifactKey: Guid(f2df351922b257448854cfbfa98814d2) Importer(815301076,1909f56bfc062723c751e8b465ee728b)
Start importing Assets/Cylinder (13).prefab using Guid(f2df351922b257448854cfbfa98814d2) Importer(815301076,1909f56bfc062723c751e8b465ee728b) (PreviewImporter) -> (artifact id: '71a620eaf1660cb878c2d8babc2575d7') in 0.0078895 seconds
Number of updated asset objects reloaded before import = 0Number of asset objects unloaded after import = 40

========================================================================
Received Import Request.
  Time since last request: 0.000017 seconds.
  path: Assets/Cylinder (19).prefab
  artifactKey: Guid(99e6aea9dc0928e4a825f6659798162d) Importer(815301076,1909f56bfc062723c751e8b465ee728b)
Start importing Assets/Cylinder (19).prefab using Guid(99e6aea9dc0928e4a825f6659798162d) Importer(815301076,1909f56bfc062723c751e8b465ee728b) (PreviewImporter) -> (artifact id: '1886c69348ba338d794173078a0a98f0') in 0.0077539 seconds
Number of updated asset objects reloaded before import = 0Number of asset objects unloaded after import = 40

========================================================================
Received Import Request.
  Time since last request: 0.000026 seconds.
  path: Assets/Cylinder (8).prefab
  artifactKey: Guid(2d669eab22888f6419cb34c0a399cace) Importer(815301076,1909f56bfc062723c751e8b465ee728b)
Start importing Assets/Cylinder (8).prefab using Guid(2d669eab22888f6419cb34c0a399cace) Importer(815301076,1909f56bfc062723c751e8b465ee728b) (PreviewImporter) -> (artifact id: 'fbb8555b8f79a9cad92e87612f8c1db6') in 0.0085087 seconds
Number of updated asset objects reloaded before import = 0Number of asset objects unloaded after import = 40

========================================================================
Received Import Request.
  Time since last request: 0.000024 seconds.
  path: Assets/Cylinder (17).prefab
  artifactKey: Guid(ce819892d05a27f49b8112dbceadadfd) Importer(815301076,1909f56bfc062723c751e8b465ee728b)
Start importing Assets/Cylinder (17).prefab using Guid(ce819892d05a27f49b8112dbceadadfd) Importer(815301076,1909f56bfc062723c751e8b465ee728b) (PreviewImporter) -> (artifact id: '5948883a7cb487e6e173e5f93daeb943') in 0.0075296 seconds
Number of updated asset objects reloaded before import = 0Number of asset objects unloaded after import = 40

========================================================================
Received Import Request.
  Time since last request: 0.000087 seconds.
  path: Assets/Cylinder (11).prefab
  artifactKey: Guid(2862a40cbd3e4bc45a3966150c48889a) Importer(815301076,1909f56bfc062723c751e8b465ee728b)
Start importing Assets/Cylinder (11).prefab using Guid(2862a40cbd3e4bc45a3966150c48889a) Importer(815301076,1909f56bfc062723c751e8b465ee728b) (PreviewImporter) -> (artifact id: '4700ad66b04e8aaf0823b406ac556ef9') in 0.009304 seconds
Number of updated asset objects reloaded before import = 0Number of asset objects unloaded after import = 40

========================================================================
Received Import Request.
  Time since last request: 0.000036 seconds.
  path: Assets/Cylinder (15).prefab
  artifactKey: Guid(918de39bf8989a6449e093007716afb0) Importer(815301076,1909f56bfc062723c751e8b465ee728b)
Start importing Assets/Cylinder (15).prefab using Guid(918de39bf8989a6449e093007716afb0) Importer(815301076,1909f56bfc062723c751e8b465ee728b) (PreviewImporter) -> (artifact id: 'd75197510f5dd47b00e3e4009c0ef957') in 0.0085088 seconds
Number of updated asset objects reloaded before import = 0Number of asset objects unloaded after import = 40

========================================================================
Received Import Request.
  Time since last request: 0.000018 seconds.
  path: Assets/Cylinder (10).prefab
  artifactKey: Guid(2584eb588f691b54ba055163b8a77de2) Importer(815301076,1909f56bfc062723c751e8b465ee728b)
Start importing Assets/Cylinder (10).prefab using Guid(2584eb588f691b54ba055163b8a77de2) Importer(815301076,1909f56bfc062723c751e8b465ee728b) (PreviewImporter) -> (artifact id: '620b81e9bad65a728b8f76fea851c61e') in 0.0083824 seconds
Number of updated asset objects reloaded before import = 0Number of asset objects unloaded after import = 40

========================================================================
Received Import Request.
  Time since last request: 0.000025 seconds.
  path: Assets/Cylinder (16).prefab
  artifactKey: Guid(7b01d4c4adb59b34eadf10d1c6241d3a) Importer(815301076,1909f56bfc062723c751e8b465ee728b)
Start importing Assets/Cylinder (16).prefab using Guid(7b01d4c4adb59b34eadf10d1c6241d3a) Importer(815301076,1909f56bfc062723c751e8b465ee728b) (PreviewImporter) -> (artifact id: '1bf9f619ae0847b5185dea1d3abf3abf') in 0.0070821 seconds
Number of updated asset objects reloaded before import = 0Number of asset objects unloaded after import = 40

========================================================================
Received Import Request.
  Time since last request: 0.000023 seconds.
  path: Assets/Cylinder (12).prefab
  artifactKey: Guid(420761e8a8e202e4189a97862da7e10c) Importer(815301076,1909f56bfc062723c751e8b465ee728b)
Start importing Assets/Cylinder (12).prefab using Guid(420761e8a8e202e4189a97862da7e10c) Importer(815301076,1909f56bfc062723c751e8b465ee728b) (PreviewImporter) -> (artifact id: '9ed8047e3a7ff93bbb3a2c50f86910e0') in 0.0087123 seconds
Number of updated asset objects reloaded before import = 0Number of asset objects unloaded after import = 40

========================================================================
Received Import Request.
  Time since last request: 0.000040 seconds.
  path: Assets/Cylinder (7).prefab
  artifactKey: Guid(8c1e33f3f51b70542804898607342c85) Importer(815301076,1909f56bfc062723c751e8b465ee728b)
Start importing Assets/Cylinder (7).prefab using Guid(8c1e33f3f51b70542804898607342c85) Importer(815301076,1909f56bfc062723c751e8b465ee728b) (PreviewImporter) -> (artifact id: '3f8d2925313c133452a2dae9242b7de0') in 0.009663 seconds
Number of updated asset objects reloaded before import = 0Number of asset objects unloaded after import = 40

========================================================================
Received Import Request.
  Time since last request: 0.000016 seconds.
  path: Assets/Cylinder (14).prefab
  artifactKey: Guid(a507336354dfd59458e3a89afd36634a) Importer(815301076,1909f56bfc062723c751e8b465ee728b)
Start importing Assets/Cylinder (14).prefab using Guid(a507336354dfd59458e3a89afd36634a) Importer(815301076,1909f56bfc062723c751e8b465ee728b) (PreviewImporter) -> (artifact id: 'e7d7ccd56b277095044cd16414e64da7') in 0.0086155 seconds
Number of updated asset objects reloaded before import = 0Number of asset objects unloaded after import = 40

Editor requested this worker to shutdown with reason: Scaling down because of idle timeout
AssetImportWorker is now disconnected from the server
Process exiting
Exiting without the bug reporter. Application will terminate with return code 0